<?xml version="1.0" encoding="UTF-8"?>
<!-- Generated by org.testng.reporters.JUnitReportReporter -->
<testsuite hostname="PK-QAT-LP-211" failures="0" tests="1" name="Test.DPR_Footer_Test" time="179.282" errors="0" timestamp="2024-10-11T12:16:59 IST" skipped="0">
  <testcase classname="Test.DPR_Footer_Test" name="Footer_Test" time="179.282"/>
</testsuite> <!-- Test.DPR_Footer_Test -->
